<?xml version="1.0" encoding="UTF-8"?>
<!-- Generated by org.testng.reporters.JUnitXMLReporter -->
<testsuite ignored="0" hostname="ARUN" failures="2" tests="2" name="Reports Testing" time="0.055" errors="0" timestamp="2024-02-29T08:22:00 EST">
  <testcase classname="ui.DependencyTest" name="userRegistrationTest" time="0.011">
    <failure type="java.lang.AssertionError" message="expected [true] but found [false]">
      <![CDATA[java.lang.AssertionError: expected [true] but found [false]
at ui.DependencyTest.userRegistrationTest(DependencyTest.java:16)
at java.base/java.util.ArrayList.forEach(ArrayList.java:1511)
... Removed 31 stack frames]]>
    </failure>
  </testcase> <!-- userRegistrationTest -->
  <testcase classname="ui.DependencyTest" name="userRegistrationTest" time="0.033">
    <failure type="java.lang.NullPointerException" message="Cannot invoke &amp;quot;org.openqa.selenium.TakesScreenshot.getScreenshotAs(org.openqa.selenium.OutputType)&amp;quot; because &amp;quot;utilities.Utilsjava.driver&amp;quot; is null">
      <![CDATA[java.lang.NullPointerException: Cannot invoke "org.openqa.selenium.TakesScreenshot.getScreenshotAs(org.openqa.selenium.OutputType)" because "utilities.Utilsjava.driver" is null
at utilities.Utilsjava.getScreenShot(Utilsjava.java:21)
at CommonPackage.Listeners.onTestFailure(Listeners.java:35)
at java.base/java.util.ArrayList.forEach(ArrayList.java:1511)
... Removed 24 stack frames]]>
    </failure>
  </testcase> <!-- userRegistrationTest -->
</testsuite> <!-- Reports Testing -->
