<?xml version="1.0" encoding="UTF-8"?>
<!-- Generated by org.testng.reporters.JUnitXMLReporter -->
<testsuite ignored="0" hostname="ARUN" failures="1" tests="9" name="Functional Testing" time="8.893" errors="0" timestamp="2024-02-25T19:07:07 EST">
  <testcase classname="ui.GroupingTCbyClasslLevelandMethodLevel" name="aTest1" time="0.007"/>
  <testcase classname="ui.GroupingTCbyClasslLevelandMethodLevel" name="aTest2" time="0.001"/>
  <testcase classname="ui.GroupingTCbyClasslLevelandMethodLevel" name="aTest3" time="0.001"/>
  <testcase classname="ui.GroupingTCbyClasslLevelandMethodLevel" name="aTest4" time="0.001"/>
  <testcase classname="ui.GroupingTCbyClasslLevelandMethodLevel" name="aTest5" time="0.0"/>
  <testcase classname="ui.AssertionVerifyTitleTest" name="titleTest" time="4.739"/>
  <testcase classname="ui.SoftHardAssertionVerifyTest" name="titleTest" time="4.047">
    <failure type="java.lang.AssertionError" message="The following asserts failed:
	Title failed expected [Electronics, Carsss, Fashion, Collectibles &amp;amp; More | eBay] but found [Electronics, Cars, Fashion, Collectibles &amp;amp; More | eBay],
	searchText  failed expected [Search1111] but found [Search]">
      <![CDATA[java.lang.AssertionError: The following asserts failed:
Title failed expected [Electronics, Carsss, Fashion, Collectibles & More | eBay] but found [Electronics, Cars, Fashion, Collectibles & More | eBay],
searchText  failed expected [Search1111] but found [Search]
at ui.SoftHardAssertionVerifyTest.titleTest(SoftHardAssertionVerifyTest.java:36)
at java.base/java.util.ArrayList.forEach(ArrayList.java:1511)
... Removed 30 stack frames]]>
    </failure>
  </testcase> <!-- titleTest -->
  <testcase classname="ui.LogintTest" name="aTest2" time="0.002"/>
  <testcase classname="ui.LogintTest" name="aTest1" time="0.001"/>
</testsuite> <!-- Functional Testing -->
