<?xml version="1.0" encoding="UTF-8"?>
<!-- Generated by org.testng.reporters.JUnitXMLReporter -->
<testsuite ignored="0" hostname="ARUN" failures="1" tests="5" name="Reading Browser from Testng Xml" time="0.058" errors="0" timestamp="2024-02-27T18:06:09 EST">
  <testcase classname="ui.GroupingTCbyClasslLevelandMethodLevel" name="aTest1" time="0.008"/>
  <testcase classname="ui.GroupingTCbyClasslLevelandMethodLevel" name="aTest2" time="0.003">
    <failure type="java.lang.AssertionError" message="expected [true] but found [false]">
      <![CDATA[java.lang.AssertionError: expected [true] but found [false]
at ui.GroupingTCbyClasslLevelandMethodLevel.aTest2(GroupingTCbyClasslLevelandMethodLevel.java:23)
at java.base/java.util.ArrayList.forEach(ArrayList.java:1511)
... Removed 31 stack frames]]>
    </failure>
  </testcase> <!-- aTest2 -->
  <testcase classname="ui.GroupingTCbyClasslLevelandMethodLevel" name="aTest3" time="0.001"/>
  <testcase classname="ui.GroupingTCbyClasslLevelandMethodLevel" name="aTest4" time="0.0"/>
  <testcase classname="ui.GroupingTCbyClasslLevelandMethodLevel" name="aTest5" time="0.001"/>
</testsuite> <!-- Reading Browser from Testng Xml -->
